[0211/160610.607:WARNING:backend_impl.cc(1837)] Destroying invalid entry.
[0211/160610.607:ERROR:backend_impl.cc(1041)] Critical error found -8
[0211/160610.847:WARNING:storage_block-inl.h(146)] Failed data load.
[0211/160610.847:WARNING:storage_block-inl.h(146)] Failed data load.
[0211/160610.847:WARNING:storage_block-inl.h(146)] Failed data load.
[0211/160610.848:WARNING:storage_block-inl.h(146)] Failed data load.
[0211/160610.848:WARNING:storage_block-inl.h(146)] Failed data load.
[0211/160610.850:WARNING:storage_block-inl.h(146)] Failed data load.
[0211/160610.850:ERROR:entry_impl.cc(998)] Failed to save user data
[0211/160610.850:ERROR:entry_impl.cc(998)] Failed to save user data
[0211/160810.434:ERROR:gpu_init.cc(426)] Passthrough is not supported, GL is disabled
[0211/180835.569:WARNING:dns_config_service_win.cc(712)] Failed to read DnsConfig.
[0211/180835.570:WARNING:dns_config_service_win.cc(712)] Failed to read DnsConfig.
[0211/180840.573:WARNING:dns_config_service_win.cc(712)] Failed to read DnsConfig.
[0211/180840.588:WARNING:dns_config_service_win.cc(712)] Failed to read DnsConfig.
[0211/180845.578:WARNING:dns_config_service_win.cc(712)] Failed to read DnsConfig.
[0211/180845.603:WARNING:dns_config_service_win.cc(712)] Failed to read DnsConfig.
[0211/180850.580:WARNING:dns_config_service_win.cc(712)] Failed to read DnsConfig.
[0211/180850.619:WARNING:dns_config_service_win.cc(712)] Failed to read DnsConfig.
[0211/180855.583:WARNING:dns_config_service_win.cc(712)] Failed to read DnsConfig.
[0211/180855.629:WARNING:dns_config_service_win.cc(712)] Failed to read DnsConfig.
[0211/180900.586:WARNING:dns_config_service_win.cc(712)] Failed to read DnsConfig.
[0211/180900.639:WARNING:dns_config_service_win.cc(712)] Failed to read DnsConfig.
[0211/180905.589:WARNING:dns_config_service_win.cc(712)] Failed to read DnsConfig.
[0211/180905.648:WARNING:dns_config_service_win.cc(712)] Failed to read DnsConfig.
[0211/180910.592:WARNING:dns_config_service_win.cc(712)] Failed to read DnsConfig.
[0211/180910.663:WARNING:dns_config_service_win.cc(712)] Failed to read DnsConfig.
[0211/180915.593:WARNING:dns_config_service_win.cc(712)] Failed to read DnsConfig.
[0211/180915.665:WARNING:dns_config_service_win.cc(712)] Failed to read DnsConfig.
[0211/180920.597:WARNING:dns_config_service_win.cc(712)] Failed to read DnsConfig.
[0211/180920.674:WARNING:dns_config_service_win.cc(712)] Failed to read DnsConfig.
[0211/180925.600:WARNING:dns_config_service_win.cc(712)] Failed to read DnsConfig.
[0211/180925.683:WARNING:dns_config_service_win.cc(712)] Failed to read DnsConfig.
[0211/180930.602:WARNING:dns_config_service_win.cc(712)] Failed to read DnsConfig.
[0211/180930.689:WARNING:dns_config_service_win.cc(712)] Failed to read DnsConfig.
[0211/180935.606:WARNING:dns_config_service_win.cc(712)] Failed to read DnsConfig.
[0211/180935.691:WARNING:dns_config_service_win.cc(712)] Failed to read DnsConfig.
[0211/180940.609:WARNING:dns_config_service_win.cc(712)] Failed to read DnsConfig.
[0211/180940.705:WARNING:dns_config_service_win.cc(712)] Failed to read DnsConfig.
[0211/180945.613:WARNING:dns_config_service_win.cc(712)] Failed to read DnsConfig.
[0211/180945.706:WARNING:dns_config_service_win.cc(712)] Failed to read DnsConfig.
[0211/180950.615:WARNING:dns_config_service_win.cc(712)] Failed to read DnsConfig.
[0211/180950.715:WARNING:dns_config_service_win.cc(712)] Failed to read DnsConfig.
[0211/180955.617:WARNING:dns_config_service_win.cc(712)] Failed to read DnsConfig.
[0211/180955.721:WARNING:dns_config_service_win.cc(712)] Failed to read DnsConfig.
[0211/181000.619:WARNING:dns_config_service_win.cc(712)] Failed to read DnsConfig.
[0211/181000.732:WARNING:dns_config_service_win.cc(712)] Failed to read DnsConfig.
[0211/181005.621:WARNING:dns_config_service_win.cc(712)] Failed to read DnsConfig.
[0211/181005.734:WARNING:dns_config_service_win.cc(712)] Failed to read DnsConfig.
[0211/181010.623:WARNING:dns_config_service_win.cc(712)] Failed to read DnsConfig.
[0211/181010.750:WARNING:dns_config_service_win.cc(712)] Failed to read DnsConfig.
[0211/181015.626:WARNING:dns_config_service_win.cc(712)] Failed to read DnsConfig.
[0211/181015.760:WARNING:dns_config_service_win.cc(712)] Failed to read DnsConfig.
[0211/181020.630:WARNING:dns_config_service_win.cc(712)] Failed to read DnsConfig.
[0211/181020.767:WARNING:dns_config_service_win.cc(712)] Failed to read DnsConfig.
[0211/181025.633:WARNING:dns_config_service_win.cc(712)] Failed to read DnsConfig.
[0211/181025.773:WARNING:dns_config_service_win.cc(712)] Failed to read DnsConfig.
[0211/181030.636:WARNING:dns_config_service_win.cc(712)] Failed to read DnsConfig.
[0211/181030.777:WARNING:dns_config_service_win.cc(712)] Failed to read DnsConfig.
[0211/181035.639:WARNING:dns_config_service_win.cc(712)] Failed to read DnsConfig.
[0211/181035.782:WARNING:dns_config_service_win.cc(712)] Failed to read DnsConfig.
[0211/181040.642:WARNING:dns_config_service_win.cc(712)] Failed to read DnsConfig.
[0211/181040.788:WARNING:dns_config_service_win.cc(712)] Failed to read DnsConfig.
[0211/181045.645:WARNING:dns_config_service_win.cc(712)] Failed to read DnsConfig.
[0211/181045.802:WARNING:dns_config_service_win.cc(712)] Failed to read DnsConfig.
[0211/181050.647:WARNING:dns_config_service_win.cc(712)] Failed to read DnsConfig.
[0211/181050.818:WARNING:dns_config_service_win.cc(712)] Failed to read DnsConfig.
[0211/181055.650:WARNING:dns_config_service_win.cc(712)] Failed to read DnsConfig.
[0211/181055.830:WARNING:dns_config_service_win.cc(712)] Failed to read DnsConfig.
[0211/181100.652:WARNING:dns_config_service_win.cc(712)] Failed to read DnsConfig.
[0211/181100.843:WARNING:dns_config_service_win.cc(712)] Failed to read DnsConfig.
[0211/181105.654:WARNING:dns_config_service_win.cc(712)] Failed to read DnsConfig.
[0211/181105.855:WARNING:dns_config_service_win.cc(712)] Failed to read DnsConfig.
[0211/181110.658:WARNING:dns_config_service_win.cc(712)] Failed to read DnsConfig.
[0211/181110.871:WARNING:dns_config_service_win.cc(712)] Failed to read DnsConfig.
[0211/181115.661:WARNING:dns_config_service_win.cc(712)] Failed to read DnsConfig.
[0211/181115.881:WARNING:dns_config_service_win.cc(712)] Failed to read DnsConfig.
[0211/181120.663:WARNING:dns_config_service_win.cc(712)] Failed to read DnsConfig.
[0211/181120.889:WARNING:dns_config_service_win.cc(712)] Failed to read DnsConfig.
[0211/181125.665:WARNING:dns_config_service_win.cc(712)] Failed to read DnsConfig.
[0211/181125.898:WARNING:dns_config_service_win.cc(712)] Failed to read DnsConfig.
[0211/181130.668:WARNING:dns_config_service_win.cc(712)] Failed to read DnsConfig.
[0211/181130.910:WARNING:dns_config_service_win.cc(712)] Failed to read DnsConfig.
[0211/181135.671:WARNING:dns_config_service_win.cc(712)] Failed to read DnsConfig.
[0211/181135.917:WARNING:dns_config_service_win.cc(712)] Failed to read DnsConfig.
[0211/181140.673:WARNING:dns_config_service_win.cc(712)] Failed to read DnsConfig.
[0211/181140.926:WARNING:dns_config_service_win.cc(712)] Failed to read DnsConfig.
[0211/181145.674:WARNING:dns_config_service_win.cc(712)] Failed to read DnsConfig.
[0211/181145.930:WARNING:dns_config_service_win.cc(712)] Failed to read DnsConfig.
[0211/181150.679:WARNING:dns_config_service_win.cc(712)] Failed to read DnsConfig.
[0211/181150.935:WARNING:dns_config_service_win.cc(712)] Failed to read DnsConfig.
[0211/181155.682:WARNING:dns_config_service_win.cc(712)] Failed to read DnsConfig.
[0211/181155.941:WARNING:dns_config_service_win.cc(712)] Failed to read DnsConfig.
[0211/181200.683:WARNING:dns_config_service_win.cc(712)] Failed to read DnsConfig.
[0211/181200.958:WARNING:dns_config_service_win.cc(712)] Failed to read DnsConfig.
[0211/181205.686:WARNING:dns_config_service_win.cc(712)] Failed to read DnsConfig.
[0211/181205.972:WARNING:dns_config_service_win.cc(712)] Failed to read DnsConfig.
[0211/181210.689:WARNING:dns_config_service_win.cc(712)] Failed to read DnsConfig.
[0211/181210.981:WARNING:dns_config_service_win.cc(712)] Failed to read DnsConfig.
[0211/181215.692:WARNING:dns_config_service_win.cc(712)] Failed to read DnsConfig.
[0211/181215.990:WARNING:dns_config_service_win.cc(712)] Failed to read DnsConfig.
[0211/181220.695:WARNING:dns_config_service_win.cc(712)] Failed to read DnsConfig.
[0211/181221.001:WARNING:dns_config_service_win.cc(712)] Failed to read DnsConfig.
[0211/181225.698:WARNING:dns_config_service_win.cc(712)] Failed to read DnsConfig.
[0211/181226.014:WARNING:dns_config_service_win.cc(712)] Failed to read DnsConfig.
[0211/181230.701:WARNING:dns_config_service_win.cc(712)] Failed to read DnsConfig.
[0211/181231.020:WARNING:dns_config_service_win.cc(712)] Failed to read DnsConfig.
[0211/181235.703:WARNING:dns_config_service_win.cc(712)] Failed to read DnsConfig.
[0211/181236.024:WARNING:dns_config_service_win.cc(712)] Failed to read DnsConfig.
[0211/181240.707:WARNING:dns_config_service_win.cc(712)] Failed to read DnsConfig.
[0211/181241.037:WARNING:dns_config_service_win.cc(712)] Failed to read DnsConfig.
[0211/181245.711:WARNING:dns_config_service_win.cc(712)] Failed to read DnsConfig.
[0211/181246.048:WARNING:dns_config_service_win.cc(712)] Failed to read DnsConfig.
[0211/181250.714:WARNING:dns_config_service_win.cc(712)] Failed to read DnsConfig.
[0211/181251.059:WARNING:dns_config_service_win.cc(712)] Failed to read DnsConfig.
[0211/181255.717:WARNING:dns_config_service_win.cc(712)] Failed to read DnsConfig.
[0211/181256.062:WARNING:dns_config_service_win.cc(712)] Failed to read DnsConfig.
[0211/181300.719:WARNING:dns_config_service_win.cc(712)] Failed to read DnsConfig.
[0211/181301.076:WARNING:dns_config_service_win.cc(712)] Failed to read DnsConfig.
[0211/181305.721:WARNING:dns_config_service_win.cc(712)] Failed to read DnsConfig.
[0211/181306.081:WARNING:dns_config_service_win.cc(712)] Failed to read DnsConfig.
[0211/181310.724:WARNING:dns_config_service_win.cc(712)] Failed to read DnsConfig.
[0211/181311.094:WARNING:dns_config_service_win.cc(712)] Failed to read DnsConfig.
[0211/181315.726:WARNING:dns_config_service_win.cc(712)] Failed to read DnsConfig.
[0211/181316.103:WARNING:dns_config_service_win.cc(712)] Failed to read DnsConfig.
[0211/181320.728:WARNING:dns_config_service_win.cc(712)] Failed to read DnsConfig.
[0211/181321.108:WARNING:dns_config_service_win.cc(712)] Failed to read DnsConfig.
[0211/181325.730:WARNING:dns_config_service_win.cc(712)] Failed to read DnsConfig.
[0211/181326.114:WARNING:dns_config_service_win.cc(712)] Failed to read DnsConfig.
[0211/181330.732:WARNING:dns_config_service_win.cc(712)] Failed to read DnsConfig.
[0211/181331.127:WARNING:dns_config_service_win.cc(712)] Failed to read DnsConfig.
[0211/181335.735:WARNING:dns_config_service_win.cc(712)] Failed to read DnsConfig.
[0211/181336.138:WARNING:dns_config_service_win.cc(712)] Failed to read DnsConfig.
[0211/181340.737:WARNING:dns_config_service_win.cc(712)] Failed to read DnsConfig.
[0211/181341.152:WARNING:dns_config_service_win.cc(712)] Failed to read DnsConfig.
[0211/181345.740:WARNING:dns_config_service_win.cc(712)] Failed to read DnsConfig.
[0211/181346.158:WARNING:dns_config_service_win.cc(712)] Failed to read DnsConfig.
[0211/181350.743:WARNING:dns_config_service_win.cc(712)] Failed to read DnsConfig.
[0211/181351.166:WARNING:dns_config_service_win.cc(712)] Failed to read DnsConfig.
[0211/181355.748:WARNING:dns_config_service_win.cc(712)] Failed to read DnsConfig.
[0211/181356.175:WARNING:dns_config_service_win.cc(712)] Failed to read DnsConfig.
[0211/191231.577:WARNING:dns_config_service_win.cc(712)] Failed to read DnsConfig.
[0211/191231.582:WARNING:dns_config_service_win.cc(712)] Failed to read DnsConfig.
[0211/191236.581:WARNING:dns_config_service_win.cc(712)] Failed to read DnsConfig.
[0211/191236.595:WARNING:dns_config_service_win.cc(712)] Failed to read DnsConfig.
[0211/191241.583:WARNING:dns_config_service_win.cc(712)] Failed to read DnsConfig.
[0211/191241.610:WARNING:dns_config_service_win.cc(712)] Failed to read DnsConfig.
[0211/191246.585:WARNING:dns_config_service_win.cc(712)] Failed to read DnsConfig.
[0211/191246.624:WARNING:dns_config_service_win.cc(712)] Failed to read DnsConfig.
[0211/191251.587:WARNING:dns_config_service_win.cc(712)] Failed to read DnsConfig.
[0211/191251.629:WARNING:dns_config_service_win.cc(712)] Failed to read DnsConfig.
[0211/191256.590:WARNING:dns_config_service_win.cc(712)] Failed to read DnsConfig.
[0211/191256.644:WARNING:dns_config_service_win.cc(712)] Failed to read DnsConfig.
[0211/191301.593:WARNING:dns_config_service_win.cc(712)] Failed to read DnsConfig.
[0211/191301.661:WARNING:dns_config_service_win.cc(712)] Failed to read DnsConfig.
[0211/191304.593:WARNING:dns_config_service_win.cc(712)] Failed to read DnsConfig.
[0211/191306.597:WARNING:dns_config_service_win.cc(712)] Failed to read DnsConfig.
[0211/191306.672:WARNING:dns_config_service_win.cc(712)] Failed to read DnsConfig.
[0211/191309.596:WARNING:dns_config_service_win.cc(712)] Failed to read DnsConfig.
[0211/191311.600:WARNING:dns_config_service_win.cc(712)] Failed to read DnsConfig.
[0211/191311.686:WARNING:dns_config_service_win.cc(712)] Failed to read DnsConfig.
[0211/191314.598:WARNING:dns_config_service_win.cc(712)] Failed to read DnsConfig.
[0211/191316.604:WARNING:dns_config_service_win.cc(712)] Failed to read DnsConfig.
[0211/191316.692:WARNING:dns_config_service_win.cc(712)] Failed to read DnsConfig.
[0211/191319.601:WARNING:dns_config_service_win.cc(712)] Failed to read DnsConfig.
[0211/191321.607:WARNING:dns_config_service_win.cc(712)] Failed to read DnsConfig.
[0211/191321.705:WARNING:dns_config_service_win.cc(712)] Failed to read DnsConfig.
[0211/191324.604:WARNING:dns_config_service_win.cc(712)] Failed to read DnsConfig.
[0211/191326.609:WARNING:dns_config_service_win.cc(712)] Failed to read DnsConfig.
[0211/191326.717:WARNING:dns_config_service_win.cc(712)] Failed to read DnsConfig.
[0211/191329.606:WARNING:dns_config_service_win.cc(712)] Failed to read DnsConfig.
[0211/191331.613:WARNING:dns_config_service_win.cc(712)] Failed to read DnsConfig.
[0211/191331.723:WARNING:dns_config_service_win.cc(712)] Failed to read DnsConfig.
[0211/191334.610:WARNING:dns_config_service_win.cc(712)] Failed to read DnsConfig.
[0211/191336.617:WARNING:dns_config_service_win.cc(712)] Failed to read DnsConfig.
[0211/191336.732:WARNING:dns_config_service_win.cc(712)] Failed to read DnsConfig.
[0211/191339.611:WARNING:dns_config_service_win.cc(712)] Failed to read DnsConfig.
[0211/191341.620:WARNING:dns_config_service_win.cc(712)] Failed to read DnsConfig.
[0211/191341.744:WARNING:dns_config_service_win.cc(712)] Failed to read DnsConfig.
[0211/191344.616:WARNING:dns_config_service_win.cc(712)] Failed to read DnsConfig.
[0211/191346.623:WARNING:dns_config_service_win.cc(712)] Failed to read DnsConfig.
[0211/191346.750:WARNING:dns_config_service_win.cc(712)] Failed to read DnsConfig.
[0211/191349.618:WARNING:dns_config_service_win.cc(712)] Failed to read DnsConfig.
[0211/191351.626:WARNING:dns_config_service_win.cc(712)] Failed to read DnsConfig.
[0211/191351.763:WARNING:dns_config_service_win.cc(712)] Failed to read DnsConfig.
[0211/191354.621:WARNING:dns_config_service_win.cc(712)] Failed to read DnsConfig.
[0211/191356.630:WARNING:dns_config_service_win.cc(712)] Failed to read DnsConfig.
[0211/191356.768:WARNING:dns_config_service_win.cc(712)] Failed to read DnsConfig.
[0211/191359.624:WARNING:dns_config_service_win.cc(712)] Failed to read DnsConfig.
[0211/191401.633:WARNING:dns_config_service_win.cc(712)] Failed to read DnsConfig.
[0211/191401.771:WARNING:dns_config_service_win.cc(712)] Failed to read DnsConfig.
[0211/191404.628:WARNING:dns_config_service_win.cc(712)] Failed to read DnsConfig.
[0211/191406.636:WARNING:dns_config_service_win.cc(712)] Failed to read DnsConfig.
[0211/191406.784:WARNING:dns_config_service_win.cc(712)] Failed to read DnsConfig.
[0211/191409.630:WARNING:dns_config_service_win.cc(712)] Failed to read DnsConfig.
[0211/191411.640:WARNING:dns_config_service_win.cc(712)] Failed to read DnsConfig.
[0211/191411.800:WARNING:dns_config_service_win.cc(712)] Failed to read DnsConfig.
[0211/191414.633:WARNING:dns_config_service_win.cc(712)] Failed to read DnsConfig.
[0211/191416.642:WARNING:dns_config_service_win.cc(712)] Failed to read DnsConfig.
[0211/191416.816:WARNING:dns_config_service_win.cc(712)] Failed to read DnsConfig.
[0211/191419.637:WARNING:dns_config_service_win.cc(712)] Failed to read DnsConfig.
[0211/191421.645:WARNING:dns_config_service_win.cc(712)] Failed to read DnsConfig.
[0211/191421.817:WARNING:dns_config_service_win.cc(712)] Failed to read DnsConfig.
[0211/191424.641:WARNING:dns_config_service_win.cc(712)] Failed to read DnsConfig.
[0211/191426.649:WARNING:dns_config_service_win.cc(712)] Failed to read DnsConfig.
[0211/191426.828:WARNING:dns_config_service_win.cc(712)] Failed to read DnsConfig.
[0211/191429.644:WARNING:dns_config_service_win.cc(712)] Failed to read DnsConfig.
[0211/191431.652:WARNING:dns_config_service_win.cc(712)] Failed to read DnsConfig.
[0211/191431.835:WARNING:dns_config_service_win.cc(712)] Failed to read DnsConfig.
[0211/191434.647:WARNING:dns_config_service_win.cc(712)] Failed to read DnsConfig.
[0211/191436.655:WARNING:dns_config_service_win.cc(712)] Failed to read DnsConfig.
[0211/191436.847:WARNING:dns_config_service_win.cc(712)] Failed to read DnsConfig.
[0211/191439.650:WARNING:dns_config_service_win.cc(712)] Failed to read DnsConfig.
[0211/191441.658:WARNING:dns_config_service_win.cc(712)] Failed to read DnsConfig.
[0211/191441.855:WARNING:dns_config_service_win.cc(712)] Failed to read DnsConfig.
[0211/191444.653:WARNING:dns_config_service_win.cc(712)] Failed to read DnsConfig.
